<?xml version="1.0" encoding="UTF-8"?>
<testng-results skipped="0" failed="0" ignored="0" total="1" passed="1">
  <reporter-output>
  </reporter-output>
  <suite name="Regression" duration-ms="346391" started-at="2018-08-06T13:21:24Z" finished-at="2018-08-06T13:27:11Z">
    <groups>
    </groups>
    <test name="TestNG Test Group" duration-ms="346391" started-at="2018-08-06T13:21:24Z" finished-at="2018-08-06T13:27:11Z">
      <class name="com.test.automation.uiAutomation.Test.TestController">
        <test-method status="PASS" signature="initBrowser()[pri:0, instance:com.test.automation.uiAutomation.Test.TestController@41e36e46]" name="initBrowser" is-config="true" duration-ms="2014" started-at="2018-08-06T09:21:24Z" finished-at="2018-08-06T09:21:26Z">
          <reporter-output>
          </reporter-output>
        </test-method> <!-- initBrowser -->
        <test-method status="PASS" signature="TestCaseController()[pri:0, instance:com.test.automation.uiAutomation.Test.TestController@41e36e46]" name="TestCaseController" duration-ms="344331" started-at="2018-08-06T09:21:26Z" finished-at="2018-08-06T09:27:11Z">
          <reporter-output>
          </reporter-output>
        </test-method> <!-- TestCaseController -->
        <test-method status="PASS" signature="quitBrowser()[pri:0, instance:com.test.automation.uiAutomation.Test.TestController@41e36e46]" name="quitBrowser" is-config="true" duration-ms="1" started-at="2018-08-06T09:27:11Z" finished-at="2018-08-06T09:27:11Z">
          <reporter-output>
          </reporter-output>
        </test-method> <!-- quitBrowser -->
      </class> <!-- com.test.automation.uiAutomation.Test.TestController -->
    </test> <!-- TestNG Test Group -->
  </suite> <!-- Regression -->
</testng-results>
