<?xml version="1.0" encoding="UTF-8"?>
<testng-results skipped="0" failed="0" ignored="0" total="1" passed="1">
  <reporter-output>
  </reporter-output>
  <suite name="Default suite" duration-ms="89038" started-at="2018-04-30T12:32:51Z" finished-at="2018-04-30T12:34:20Z">
    <groups>
    </groups>
    <test name="Default test" duration-ms="89038" started-at="2018-04-30T12:32:51Z" finished-at="2018-04-30T12:34:20Z">
      <class name="com.test.automation.uiAutomation.Test.TestController">
        <test-method status="PASS" signature="initBrowser()[pri:0, instance:com.test.automation.uiAutomation.Test.TestController@6a41eaa2]" name="initBrowser" is-config="true" duration-ms="1170" started-at="2018-04-30T08:32:51Z" finished-at="2018-04-30T08:32:52Z">
          <reporter-output>
          </reporter-output>
        </test-method> <!-- initBrowser -->
        <test-method status="PASS" signature="TestCaseController()[pri:0, instance:com.test.automation.uiAutomation.Test.TestController@6a41eaa2]" name="TestCaseController" duration-ms="87837" started-at="2018-04-30T08:32:52Z" finished-at="2018-04-30T08:34:20Z">
          <reporter-output>
          </reporter-output>
        </test-method> <!-- TestCaseController -->
        <test-method status="PASS" signature="quitBrowser()[pri:0, instance:com.test.automation.uiAutomation.Test.TestController@6a41eaa2]" name="quitBrowser" is-config="true" duration-ms="0" started-at="2018-04-30T08:34:20Z" finished-at="2018-04-30T08:34:20Z">
          <reporter-output>
          </reporter-output>
        </test-method> <!-- quitBrowser -->
      </class> <!-- com.test.automation.uiAutomation.Test.TestController -->
    </test> <!-- Default test -->
  </suite> <!-- Default suite -->
</testng-results>
